INFO:root:Server object created
INFO:root:Server connection established
INFO:root:New thread
INFO:root:USER command triggered
INFO:root:USER command failed
INFO:root:USER command triggered
INFO:root:USER command failed
INFO:root:NICK command triggered
INFO:root:NICK command responded
INFO:root:Server object created
INFO:root:Server object created
INFO:root:Server connection established
INFO:root:New thread
INFO:root:USER command triggered
INFO:root:USER command responded
INFO:root:USER command triggered
INFO:root:USER command responded
INFO:root:New thread
INFO:root:NICK command triggered
INFO:root:NICK command responded
INFO:root:NICK command triggered
INFO:root:NICK command responded
INFO:root:NICK command triggered
INFO:root:NICK command responded
INFO:root:NICK command triggered
INFO:root:NICK command responded
INFO:root:NICK command triggered
INFO:root:NICK command responded
INFO:root:Server object created
INFO:root:Server object created
INFO:root:Server connection established
INFO:root:New thread
INFO:root:NICK command triggered
INFO:root:NICK command responded
INFO:root:New thread
INFO:root:NICK command triggered
INFO:root:NICK command responded
INFO:root:USER command triggered
INFO:root:USER command responded
INFO:root:NICK command triggered
INFO:root:NICK command responded
INFO:root:Server object created
INFO:root:Server connection established
INFO:root:New thread
INFO:root:New thread
INFO:root:Server object created
INFO:root:Server connection established
INFO:root:New thread
INFO:root:New thread
INFO:root:NICK command triggered
INFO:root:NICK command responded
INFO:root:Server object created
INFO:root:Server object created
INFO:root:Server connection established
INFO:root:New thread
INFO:root:NICK command triggered
INFO:root:NICK command responded
INFO:root:New thread
INFO:root:NICK command triggered
INFO:root:NICK command responded
INFO:root:Server object created
INFO:root:Server object created
INFO:root:Server connection established
INFO:root:New thread
INFO:root:New thread
INFO:root:NICK command triggered
INFO:root:NICK command responded
INFO:root:NICK command triggered
INFO:root:NICK command responded
INFO:root:USER command triggered
INFO:root:USER command responded
INFO:root:NICK command triggered
INFO:root:NICK command responded
INFO:root:NICK command triggered
INFO:root:NICK command responded
INFO:root:NICK command triggered
INFO:root:NICK command responded
INFO:root:Server object created
INFO:root:Server object created
INFO:root:Server connection established
INFO:root:New thread
INFO:root:NICK command triggered
INFO:root:NICK command responded
INFO:root:New thread
INFO:root:NICK command triggered
INFO:root:NICK command responded
INFO:root:USER command triggered
INFO:root:USER command responded
INFO:root:NICK command triggered
INFO:root:NICK command responded
INFO:root:Server object created
INFO:root:Server object created
INFO:root:Server connection established
INFO:root:New thread
INFO:root:NICK command triggered
INFO:root:NICK command responded
INFO:root:NICK command triggered
INFO:root:NICK command responded
INFO:root:USER command triggered
INFO:root:USER command responded
INFO:root:NICK command triggered
INFO:root:NICK command responded
INFO:root:New thread
INFO:root:NICK command triggered
INFO:root:NICK command responded
INFO:root:Server object created
INFO:root:Server connection established
INFO:root:Server object created
INFO:root:Server connection established
INFO:root:Server object created
INFO:root:Server connection established
INFO:root:Server object created
INFO:root:Server connection established
INFO:root:Server object created
INFO:root:Server connection established
INFO:root:Server object created
INFO:root:Server connection established
INFO:root:Server object created
INFO:root:Server connection established
INFO:root:Server object created
INFO:root:Server connection established
INFO:root:New thread
INFO:root:New thread
INFO:root:NICK command triggered
INFO:root:NICK command responded
INFO:root:NICK command triggered
INFO:root:NICK command responded
INFO:root:USER command triggered
INFO:root:USER command responded
INFO:root:NICK command triggered
INFO:root:NICK command responded
INFO:root:USER command triggered
INFO:root:USER command responded
INFO:root:NICK command triggered
INFO:root:NICK command responded
INFO:root:Server object created
INFO:root:Server object created
INFO:root:Server object created
INFO:root:Server object created
INFO:root:Server connection established
INFO:root:New thread
INFO:root:USER command triggered
INFO:root:USER command responded
INFO:root:NICK command triggered
INFO:root:NICK command responded
INFO:root:New thread
INFO:root:NICK command triggered
INFO:root:NICK command responded
INFO:root:USER command triggered
INFO:root:USER command responded
INFO:root:Server object created
INFO:root:Server connection established
INFO:root:New thread
INFO:root:NICK command triggered
INFO:root:NICK command responded
INFO:root:USER command triggered
INFO:root:Server object created
INFO:root:Server connection established
INFO:root:New thread
INFO:root:NICK command triggered
INFO:root:NICK command responded
INFO:root:USER command triggered
INFO:root:USER command responded
INFO:root:NICK command triggered
INFO:root:NICK command responded
INFO:root:New thread
INFO:root:Server object created
INFO:root:Server connection established
INFO:root:New thread
INFO:root:NICK command triggered
INFO:root:NICK command responded
INFO:root:USER command triggered
INFO:root:USER command responded
INFO:root:NICK command triggered
INFO:root:NICK command failed
INFO:root:Server object created
INFO:root:Server connection established
INFO:root:New thread
INFO:root:NICK command triggered
INFO:root:NICK command responded
INFO:root:NICK command triggered
INFO:root:NICK command responded
INFO:root:NICK command triggered
INFO:root:NICK command responded
INFO:root:NICK command triggered
INFO:root:NICK command responded
INFO:root:New thread
INFO:root:Server object created
INFO:root:Server connection established
INFO:root:New thread
INFO:root:NICK command triggered
INFO:root:NICK command responded
INFO:root:NICK command triggered
INFO:root:NICK command responded
INFO:root:USER command triggered
INFO:root:USER command responded
INFO:root:NICK command triggered
INFO:root:NICK command responded
INFO:root:New thread
INFO:root:NICK command triggered
INFO:root:NICK command responded
INFO:root:NICK command triggered
INFO:root:NICK command responded
